<?xml version="1.0" encoding="UTF-8"?>
<!-- Generated by org.testng.reporters.JUnitReportReporter -->
<testsuite hostname="LT5CG4461FW5" name="com.toolsqa.weather.SimpleGetTest" tests="1" failures="0" timestamp="16 Apr 2018 15:45:09 GMT" time="1.833" errors="0">
  <testcase name="getWeatherDetails" time="1.833" classname="com.toolsqa.weather.SimpleGetTest"/>
</testsuite> <!-- com.toolsqa.weather.SimpleGetTest -->
