<?xml version="1.0" encoding="UTF-8"?>
<!-- Generated by org.testng.reporters.JUnitReportReporter -->
<testsuite hostname="LT5CG4461FW5" name="com.toolsqa.weather.ValidateBodyResponseTest" tests="1" failures="0" timestamp="16 Apr 2018 12:00:34 GMT" time="2.352" errors="0">
  <testcase name="validateBodyResponse" time="2.352" classname="com.toolsqa.weather.ValidateBodyResponseTest"/>
</testsuite> <!-- com.toolsqa.weather.ValidateBodyResponseTest -->
